<?xml version="1.0" encoding="UTF-8"?>
<!-- Generated by org.testng.reporters.JUnitReportReporter -->
<testsuite hostname="DESKTOP-URE915C" failures="0" tests="1" name="tests.AdminPageTest" time="26.534" errors="0" timestamp="2023-07-20T23:49:43 BDT" skipped="0">
  <testcase classname="tests.AdminPageTest" name="adminPageTest" time="26.534"/>
</testsuite> <!-- tests.AdminPageTest -->
