<?xml version="1.0" encoding="UTF-8"?>
<!-- Generated by org.testng.reporters.JUnitReportReporter -->
<testsuite hostname="DESKTOP-URE915C" failures="0" tests="1" name="tests.DashBoardTest" time="78.185" errors="0" timestamp="2023-07-21T22:24:58 BDT" skipped="0">
  <testcase classname="tests.DashBoardTest" name="dashBoardTest" time="78.185"/>
</testsuite> <!-- tests.DashBoardTest -->
