<?xml version="1.0" encoding="UTF-8"?>
<!-- Generated by org.testng.reporters.JUnitReportReporter -->
<testsuite hostname="DESKTOP-URE915C" failures="0" tests="1" name="tests.LoginTest" time="17.912" errors="0" timestamp="2023-07-21T22:24:58 BDT" skipped="0">
  <testcase classname="tests.LoginTest" name="loginTest" time="17.912"/>
</testsuite> <!-- tests.LoginTest -->
